2018-01-04 10:40:04,600  INFO Application:48 - Starting Application on MICROSOFT with PID 12740 (F:\SpringTest\case4\target\classes started by Administrator in F:\SpringTest)
2018-01-04 10:40:04,605  INFO Application:670 - The following profiles are active: test
2018-01-04 10:40:04,736  INFO AnnotationConfigEmbeddedWebApplicationContext:578 - Refreshing org.springframework.boot.context.embedded.AnnotationConfigEmbeddedWebApplicationContext@3c947bc5: startup date [Thu Jan 04 10:40:04 CST 2018]; root of context hierarchy
2018-01-04 10:40:05,671  INFO Version:17 - HV000001: Hibernate Validator 5.2.2.Final
2018-01-04 10:40:06,420  INFO DefaultListableBeanFactory:839 - Overriding bean definition for bean 'beanNameViewResolver' with a different definition: replacing [Root bean: class [null]; scope=; abstract=false; lazyInit=false; autowireMode=3; dependencyCheck=0; autowireCandidate=true; primary=false; factoryBeanName=org.springframework.boot.autoconfigure.web.ErrorMvcAutoConfiguration$WhitelabelErrorViewConfiguration; factoryMethodName=beanNameViewResolver; initMethodName=null; destroyMethodName=(inferred); defined in class path resource [org/springframework/boot/autoconfigure/web/ErrorMvcAutoConfiguration$WhitelabelErrorViewConfiguration.class]] with [Root bean: class [null]; scope=; abstract=false; lazyInit=false; autowireMode=3; dependencyCheck=0; autowireCandidate=true; primary=false; factoryBeanName=org.springframework.boot.autoconfigure.web.WebMvcAutoConfiguration$WebMvcAutoConfigurationAdapter; factoryMethodName=beanNameViewResolver; initMethodName=null; destroyMethodName=(inferred); defined in class path resource [org/springframework/boot/autoconfigure/web/WebMvcAutoConfiguration$WebMvcAutoConfigurationAdapter.class]]
2018-01-04 10:40:08,425  INFO TomcatEmbeddedServletContainer:81 - Tomcat initialized with port(s): 8080 (http)
2018-01-04 10:40:08,446  INFO StandardService:180 - Starting service Tomcat
2018-01-04 10:40:08,448  INFO StandardEngine:180 - Starting Servlet Engine: Apache Tomcat/8.0.30
2018-01-04 10:40:08,624  INFO [/]:180 - Initializing Spring embedded WebApplicationContext
2018-01-04 10:40:08,625  INFO ContextLoader:272 - Root WebApplicationContext: initialization completed in 3896 ms
2018-01-04 10:40:09,300  INFO ServletRegistrationBean:189 - Mapping servlet: 'dispatcherServlet' to [/]
2018-01-04 10:40:09,308  INFO FilterRegistrationBean:258 - Mapping filter: 'characterEncodingFilter' to: [/*]
2018-01-04 10:40:09,309  INFO FilterRegistrationBean:258 - Mapping filter: 'hiddenHttpMethodFilter' to: [/*]
2018-01-04 10:40:09,309  INFO FilterRegistrationBean:258 - Mapping filter: 'httpPutFormContentFilter' to: [/*]
2018-01-04 10:40:09,310  INFO FilterRegistrationBean:258 - Mapping filter: 'requestContextFilter' to: [/*]
2018-01-04 10:40:09,915  INFO RequestMappingHandlerAdapter:532 - Looking for @ControllerAdvice: org.springframework.boot.context.embedded.AnnotationConfigEmbeddedWebApplicationContext@3c947bc5: startup date [Thu Jan 04 10:40:04 CST 2018]; root of context hierarchy
2018-01-04 10:40:10,064  INFO RequestMappingHandlerMapping:527 - Mapped "{[/hello],methods=[GET]}" onto public java.lang.String application.web.HelloControl.hello()
2018-01-04 10:40:10,070  INFO RequestMappingHandlerMapping:527 - Mapped "{[/error]}" onto public org.springframework.http.ResponseEntity<java.util.Map<java.lang.String, java.lang.Object>> org.springframework.boot.autoconfigure.web.BasicErrorController.error(javax.servlet.http.HttpServletRequest)
2018-01-04 10:40:10,071  INFO RequestMappingHandlerMapping:527 - Mapped "{[/error],produces=[text/html]}" onto public org.springframework.web.servlet.ModelAndView org.springframework.boot.autoconfigure.web.BasicErrorController.errorHtml(javax.servlet.http.HttpServletRequest,javax.servlet.http.HttpServletResponse)
2018-01-04 10:40:10,154  INFO SimpleUrlHandlerMapping:341 - Mapped URL path [/webjars/**] onto handler of type [class org.springframework.web.servlet.resource.ResourceHttpRequestHandler]
2018-01-04 10:40:10,155  INFO SimpleUrlHandlerMapping:341 - Mapped URL path [/**] onto handler of type [class org.springframework.web.servlet.resource.ResourceHttpRequestHandler]
2018-01-04 10:40:10,249  INFO SimpleUrlHandlerMapping:341 - Mapped URL path [/**/favicon.ico] onto handler of type [class org.springframework.web.servlet.resource.ResourceHttpRequestHandler]
2018-01-04 10:40:10,842  INFO cluster:71 - Cluster created with settings {hosts=[localhost:27017], mode=SINGLE, requiredClusterType=UNKNOWN, serverSelectionTimeout='30000 ms', maxWaitQueueSize=500}
2018-01-04 10:40:11,007  INFO connection:71 - Opened connection [connectionId{localValue:1, serverValue:12}] to localhost:27017
2018-01-04 10:40:11,012  INFO cluster:71 - Monitor thread successfully connected to server with description ServerDescription{address=localhost:27017, type=STANDALONE, state=CONNECTED, ok=true, version=ServerVersion{versionList=[3, 3, 6]}, minWireVersion=0, maxWireVersion=4, maxDocumentSize=16777216, roundTripTimeNanos=3753253}
2018-01-04 10:40:11,172  INFO AnnotationMBeanExporter:431 - Registering beans for JMX exposure on startup
2018-01-04 10:40:11,223  INFO Http11NioProtocol:180 - Initializing ProtocolHandler ["http-nio-8080"]
2018-01-04 10:40:11,234  INFO Http11NioProtocol:180 - Starting ProtocolHandler ["http-nio-8080"]
2018-01-04 10:40:11,255  INFO NioSelectorPool:180 - Using a shared selector for servlet write/read
2018-01-04 10:40:11,280  INFO TomcatEmbeddedServletContainer:162 - Tomcat started on port(s): 8080 (http)
2018-01-04 10:40:11,289  INFO Application:57 - Started Application in 7.462 seconds (JVM running for 8.472)
2018-01-04 10:40:45,890  INFO [/]:180 - Initializing Spring FrameworkServlet 'dispatcherServlet'
2018-01-04 10:40:45,891  INFO DispatcherServlet:489 - FrameworkServlet 'dispatcherServlet': initialization started
2018-01-04 10:40:45,921  INFO DispatcherServlet:508 - FrameworkServlet 'dispatcherServlet': initialization completed in 30 ms
2018-01-04 10:40:45,983  INFO WebLogAspect:43 - url:/hello
2018-01-04 10:40:45,985  INFO WebLogAspect:44 - IP:0:0:0:0:0:0:0:1
2018-01-04 10:40:45,986  INFO WebLogAspect:45 - http_method:GET
2018-01-04 10:40:45,989  INFO WebLogAspect:46 - class_method:application.web.HelloControl.hello
2018-01-04 10:40:45,989  INFO WebLogAspect:47 - Args:[]
2018-01-04 10:40:46,002  INFO WebLogAspect:52 - RESPONSE : hello world
2018-01-04 10:40:46,003  INFO WebLogAspect:53 - SPEND TIME : 20
2018-01-04 11:09:54,614  INFO Application:48 - Starting Application on MICROSOFT with PID 12884 (F:\SpringTest\case4\target\classes started by Administrator in F:\SpringTest)
2018-01-04 11:09:54,619  INFO Application:670 - The following profiles are active: test
2018-01-04 11:09:54,825  INFO AnnotationConfigEmbeddedWebApplicationContext:578 - Refreshing org.springframework.boot.context.embedded.AnnotationConfigEmbeddedWebApplicationContext@7e2d773b: startup date [Thu Jan 04 11:09:54 CST 2018]; root of context hierarchy
2018-01-04 11:09:55,142  INFO Version:17 - HV000001: Hibernate Validator 5.2.2.Final
2018-01-04 11:09:56,456  INFO DefaultListableBeanFactory:839 - Overriding bean definition for bean 'beanNameViewResolver' with a different definition: replacing [Root bean: class [null]; scope=; abstract=false; lazyInit=false; autowireMode=3; dependencyCheck=0; autowireCandidate=true; primary=false; factoryBeanName=org.springframework.boot.autoconfigure.web.ErrorMvcAutoConfiguration$WhitelabelErrorViewConfiguration; factoryMethodName=beanNameViewResolver; initMethodName=null; destroyMethodName=(inferred); defined in class path resource [org/springframework/boot/autoconfigure/web/ErrorMvcAutoConfiguration$WhitelabelErrorViewConfiguration.class]] with [Root bean: class [null]; scope=; abstract=false; lazyInit=false; autowireMode=3; dependencyCheck=0; autowireCandidate=true; primary=false; factoryBeanName=org.springframework.boot.autoconfigure.web.WebMvcAutoConfiguration$WebMvcAutoConfigurationAdapter; factoryMethodName=beanNameViewResolver; initMethodName=null; destroyMethodName=(inferred); defined in class path resource [org/springframework/boot/autoconfigure/web/WebMvcAutoConfiguration$WebMvcAutoConfigurationAdapter.class]]
2018-01-04 11:09:57,773  WARN AnnotationConfigEmbeddedWebApplicationContext:546 - Exception encountered during context initialization - cancelling refresh attempt: org.springframework.beans.factory.BeanCreationException: Error creating bean with name 'embeddedServletContainerCustomizerBeanPostProcessor': Initialization of bean failed; nested exception is java.lang.IllegalArgumentException: error at ::0 can't find referenced pointcut webLog
2018-01-04 11:09:57,777 ERROR SpringApplication:827 - Application startup failed
org.springframework.beans.factory.BeanCreationException: Error creating bean with name 'embeddedServletContainerCustomizerBeanPostProcessor': Initialization of bean failed; nested exception is java.lang.IllegalArgumentException: error at ::0 can't find referenced pointcut webLog
	at org.springframework.beans.factory.support.AbstractAutowireCapableBeanFactory.doCreateBean(AbstractAutowireCapableBeanFactory.java:553)
	at org.springframework.beans.factory.support.AbstractAutowireCapableBeanFactory.createBean(AbstractAutowireCapableBeanFactory.java:482)
	at org.springframework.beans.factory.support.AbstractBeanFactory$1.getObject(AbstractBeanFactory.java:306)
	at org.springframework.beans.factory.support.DefaultSingletonBeanRegistry.getSingleton(DefaultSingletonBeanRegistry.java:230)
	at org.springframework.beans.factory.support.AbstractBeanFactory.doGetBean(AbstractBeanFactory.java:302)
	at org.springframework.beans.factory.support.AbstractBeanFactory.getBean(AbstractBeanFactory.java:202)
	at org.springframework.context.support.PostProcessorRegistrationDelegate.registerBeanPostProcessors(PostProcessorRegistrationDelegate.java:240)
	at org.springframework.context.support.AbstractApplicationContext.registerBeanPostProcessors(AbstractApplicationContext.java:687)
	at org.springframework.context.support.AbstractApplicationContext.refresh(AbstractApplicationContext.java:523)
	at org.springframework.boot.context.embedded.EmbeddedWebApplicationContext.refresh(EmbeddedWebApplicationContext.java:118)
	at org.springframework.boot.SpringApplication.refresh(SpringApplication.java:766)
	at org.springframework.boot.SpringApplication.createAndRefreshContext(SpringApplication.java:361)
	at org.springframework.boot.SpringApplication.run(SpringApplication.java:307)
	at org.springframework.boot.SpringApplication.run(SpringApplication.java:1191)
	at org.springframework.boot.SpringApplication.run(SpringApplication.java:1180)
	at application.Application.main(Application.java:13)
Caused by: java.lang.IllegalArgumentException: error at ::0 can't find referenced pointcut webLog
	at org.aspectj.weaver.tools.PointcutParser.parsePointcutExpression(PointcutParser.java:301)
	at org.springframework.aop.aspectj.AspectJExpressionPointcut.buildPointcutExpression(AspectJExpressionPointcut.java:207)
	at org.springframework.aop.aspectj.AspectJExpressionPointcut.checkReadyToMatch(AspectJExpressionPointcut.java:193)
	at org.springframework.aop.aspectj.AspectJExpressionPointcut.getClassFilter(AspectJExpressionPointcut.java:170)
	at org.springframework.aop.support.AopUtils.canApply(AopUtils.java:194)
	at org.springframework.aop.support.AopUtils.canApply(AopUtils.java:248)
	at org.springframework.aop.support.AopUtils.findAdvisorsThatCanApply(AopUtils.java:280)
	at org.springframework.aop.framework.autoproxy.AbstractAdvisorAutoProxyCreator.findAdvisorsThatCanApply(AbstractAdvisorAutoProxyCreator.java:118)
	at org.springframework.aop.framework.autoproxy.AbstractAdvisorAutoProxyCreator.findEligibleAdvisors(AbstractAdvisorAutoProxyCreator.java:88)
	at org.springframework.aop.framework.autoproxy.AbstractAdvisorAutoProxyCreator.getAdvicesAndAdvisorsForBean(AbstractAdvisorAutoProxyCreator.java:69)
	at org.springframework.aop.framework.autoproxy.AbstractAutoProxyCreator.wrapIfNecessary(AbstractAutoProxyCreator.java:346)
	at org.springframework.aop.framework.autoproxy.AbstractAutoProxyCreator.postProcessAfterInitialization(AbstractAutoProxyCreator.java:298)
	at org.springframework.beans.factory.support.AbstractAutowireCapableBeanFactory.applyBeanPostProcessorsAfterInitialization(AbstractAutowireCapableBeanFactory.java:422)
	at org.springframework.beans.factory.support.AbstractAutowireCapableBeanFactory.initializeBean(AbstractAutowireCapableBeanFactory.java:1583)
	at org.springframework.beans.factory.support.AbstractAutowireCapableBeanFactory.doCreateBean(AbstractAutowireCapableBeanFactory.java:545)
	... 15 more
2018-01-04 11:09:57,789  INFO ClasspathLoggingApplicationListener:57 - Application failed to start with classpath: [file:/E:/jdk1.8/jre/lib/charsets.jar, file:/E:/jdk1.8/jre/lib/deploy.jar, file:/E:/jdk1.8/jre/lib/ext/access-bridge-64.jar, file:/E:/jdk1.8/jre/lib/ext/cldrdata.jar, file:/E:/jdk1.8/jre/lib/ext/dnsns.jar, file:/E:/jdk1.8/jre/lib/ext/jaccess.jar, file:/E:/jdk1.8/jre/lib/ext/jfxrt.jar, file:/E:/jdk1.8/jre/lib/ext/localedata.jar, file:/E:/jdk1.8/jre/lib/ext/nashorn.jar, file:/E:/jdk1.8/jre/lib/ext/sunec.jar, file:/E:/jdk1.8/jre/lib/ext/sunjce_provider.jar, file:/E:/jdk1.8/jre/lib/ext/sunmscapi.jar, file:/E:/jdk1.8/jre/lib/ext/sunpkcs11.jar, file:/E:/jdk1.8/jre/lib/ext/zipfs.jar, file:/E:/jdk1.8/jre/lib/javaws.jar, file:/E:/jdk1.8/jre/lib/jce.jar, file:/E:/jdk1.8/jre/lib/jfr.jar, file:/E:/jdk1.8/jre/lib/jfxswt.jar, file:/E:/jdk1.8/jre/lib/jsse.jar, file:/E:/jdk1.8/jre/lib/management-agent.jar, file:/E:/jdk1.8/jre/lib/plugin.jar, file:/E:/jdk1.8/jre/lib/resources.jar, file:/E:/jdk1.8/jre/lib/rt.jar, file:/F:/SpringTest/case4/target/classes/, file:/C:/Users/Administrator.MICROSOFT/.m2/repository/org/springframework/boot/spring-boot-starter/1.3.2.RELEASE/spring-boot-starter-1.3.2.RELEASE.jar, file:/C:/Users/Administrator.MICROSOFT/.m2/repository/org/springframework/boot/spring-boot/1.3.2.RELEASE/spring-boot-1.3.2.RELEASE.jar, file:/C:/Users/Administrator.MICROSOFT/.m2/repository/org/springframework/spring-context/4.2.4.RELEASE/spring-context-4.2.4.RELEASE.jar, file:/C:/Users/Administrator.MICROSOFT/.m2/repository/org/springframework/boot/spring-boot-autoconfigure/1.3.2.RELEASE/spring-boot-autoconfigure-1.3.2.RELEASE.jar, file:/C:/Users/Administrator.MICROSOFT/.m2/repository/org/springframework/spring-core/4.2.4.RELEASE/spring-core-4.2.4.RELEASE.jar, file:/C:/Users/Administrator.MICROSOFT/.m2/repository/org/yaml/snakeyaml/1.16/snakeyaml-1.16.jar, file:/C:/Users/Administrator.MICROSOFT/.m2/repository/org/springframework/boot/spring-boot-starter-log4j/1.3.2.RELEASE/spring-boot-starter-log4j-1.3.2.RELEASE.jar, file:/C:/Users/Administrator.MICROSOFT/.m2/repository/org/slf4j/jcl-over-slf4j/1.7.13/jcl-over-slf4j-1.7.13.jar, file:/C:/Users/Administrator.MICROSOFT/.m2/repository/org/slf4j/slf4j-api/1.7.13/slf4j-api-1.7.13.jar, file:/C:/Users/Administrator.MICROSOFT/.m2/repository/org/slf4j/jul-to-slf4j/1.7.13/jul-to-slf4j-1.7.13.jar, file:/C:/Users/Administrator.MICROSOFT/.m2/repository/org/slf4j/slf4j-log4j12/1.7.13/slf4j-log4j12-1.7.13.jar, file:/C:/Users/Administrator.MICROSOFT/.m2/repository/log4j/log4j/1.2.17/log4j-1.2.17.jar, file:/C:/Users/Administrator.MICROSOFT/.m2/repository/org/springframework/boot/spring-boot-starter-web/1.3.2.RELEASE/spring-boot-starter-web-1.3.2.RELEASE.jar, file:/C:/Users/Administrator.MICROSOFT/.m2/repository/org/springframework/boot/spring-boot-starter-tomcat/1.3.2.RELEASE/spring-boot-starter-tomcat-1.3.2.RELEASE.jar, file:/C:/Users/Administrator.MICROSOFT/.m2/repository/org/apache/tomcat/embed/tomcat-embed-core/8.0.30/tomcat-embed-core-8.0.30.jar, file:/C:/Users/Administrator.MICROSOFT/.m2/repository/org/apache/tomcat/embed/tomcat-embed-el/8.0.30/tomcat-embed-el-8.0.30.jar, file:/C:/Users/Administrator.MICROSOFT/.m2/repository/org/apache/tomcat/embed/tomcat-embed-logging-juli/8.0.30/tomcat-embed-logging-juli-8.0.30.jar, file:/C:/Users/Administrator.MICROSOFT/.m2/repository/org/apache/tomcat/embed/tomcat-embed-websocket/8.0.30/tomcat-embed-websocket-8.0.30.jar, file:/C:/Users/Administrator.MICROSOFT/.m2/repository/org/springframework/boot/spring-boot-starter-validation/1.3.2.RELEASE/spring-boot-starter-validation-1.3.2.RELEASE.jar, file:/C:/Users/Administrator.MICROSOFT/.m2/repository/org/hibernate/hibernate-validator/5.2.2.Final/hibernate-validator-5.2.2.Final.jar, file:/C:/Users/Administrator.MICROSOFT/.m2/repository/javax/validation/validation-api/1.1.0.Final/validation-api-1.1.0.Final.jar, file:/C:/Users/Administrator.MICROSOFT/.m2/repository/org/jboss/logging/jboss-logging/3.3.0.Final/jboss-logging-3.3.0.Final.jar, file:/C:/Users/Administrator.MICROSOFT/.m2/repository/com/fasterxml/classmate/1.1.0/classmate-1.1.0.jar, file:/C:/Users/Administrator.MICROSOFT/.m2/repository/com/fasterxml/jackson/core/jackson-databind/2.6.5/jackson-databind-2.6.5.jar, file:/C:/Users/Administrator.MICROSOFT/.m2/repository/com/fasterxml/jackson/core/jackson-annotations/2.6.5/jackson-annotations-2.6.5.jar, file:/C:/Users/Administrator.MICROSOFT/.m2/repository/com/fasterxml/jackson/core/jackson-core/2.6.5/jackson-core-2.6.5.jar, file:/C:/Users/Administrator.MICROSOFT/.m2/repository/org/springframework/spring-web/4.2.4.RELEASE/spring-web-4.2.4.RELEASE.jar, file:/C:/Users/Administrator.MICROSOFT/.m2/repository/org/springframework/spring-beans/4.2.4.RELEASE/spring-beans-4.2.4.RELEASE.jar, file:/C:/Users/Administrator.MICROSOFT/.m2/repository/org/springframework/spring-webmvc/4.2.4.RELEASE/spring-webmvc-4.2.4.RELEASE.jar, file:/C:/Users/Administrator.MICROSOFT/.m2/repository/org/springframework/spring-expression/4.2.4.RELEASE/spring-expression-4.2.4.RELEASE.jar, file:/C:/Users/Administrator.MICROSOFT/.m2/repository/org/springframework/boot/spring-boot-starter-aop/1.3.2.RELEASE/spring-boot-starter-aop-1.3.2.RELEASE.jar, file:/C:/Users/Administrator.MICROSOFT/.m2/repository/org/springframework/spring-aop/4.2.4.RELEASE/spring-aop-4.2.4.RELEASE.jar, file:/C:/Users/Administrator.MICROSOFT/.m2/repository/aopalliance/aopalliance/1.0/aopalliance-1.0.jar, file:/C:/Users/Administrator.MICROSOFT/.m2/repository/org/aspectj/aspectjweaver/1.8.8/aspectjweaver-1.8.8.jar, file:/C:/Users/Administrator.MICROSOFT/.m2/repository/org/mongodb/mongodb-driver/3.2.2/mongodb-driver-3.2.2.jar, file:/C:/Users/Administrator.MICROSOFT/.m2/repository/org/mongodb/mongodb-driver-core/3.2.2/mongodb-driver-core-3.2.2.jar, file:/C:/Users/Administrator.MICROSOFT/.m2/repository/org/mongodb/bson/3.2.2/bson-3.2.2.jar, file:/F:/idea/IntelliJ%20IDEA%20Community%20Edition%202017.2.2/lib/idea_rt.jar]
2018-01-04 11:18:20,109  INFO Application:48 - Starting Application on MICROSOFT with PID 7848 (F:\SpringTest\case4\target\classes started by Administrator in F:\SpringTest)
2018-01-04 11:18:20,113  INFO Application:670 - The following profiles are active: test
2018-01-04 11:18:20,213  INFO AnnotationConfigEmbeddedWebApplicationContext:578 - Refreshing org.springframework.boot.context.embedded.AnnotationConfigEmbeddedWebApplicationContext@7e2d773b: startup date [Thu Jan 04 11:18:20 CST 2018]; root of context hierarchy
2018-01-04 11:18:21,225  INFO Version:17 - HV000001: Hibernate Validator 5.2.2.Final
2018-01-04 11:18:22,307  INFO DefaultListableBeanFactory:839 - Overriding bean definition for bean 'beanNameViewResolver' with a different definition: replacing [Root bean: class [null]; scope=; abstract=false; lazyInit=false; autowireMode=3; dependencyCheck=0; autowireCandidate=true; primary=false; factoryBeanName=org.springframework.boot.autoconfigure.web.ErrorMvcAutoConfiguration$WhitelabelErrorViewConfiguration; factoryMethodName=beanNameViewResolver; initMethodName=null; destroyMethodName=(inferred); defined in class path resource [org/springframework/boot/autoconfigure/web/ErrorMvcAutoConfiguration$WhitelabelErrorViewConfiguration.class]] with [Root bean: class [null]; scope=; abstract=false; lazyInit=false; autowireMode=3; dependencyCheck=0; autowireCandidate=true; primary=false; factoryBeanName=org.springframework.boot.autoconfigure.web.WebMvcAutoConfiguration$WebMvcAutoConfigurationAdapter; factoryMethodName=beanNameViewResolver; initMethodName=null; destroyMethodName=(inferred); defined in class path resource [org/springframework/boot/autoconfigure/web/WebMvcAutoConfiguration$WebMvcAutoConfigurationAdapter.class]]
2018-01-04 11:18:23,281  WARN AnnotationConfigEmbeddedWebApplicationContext:546 - Exception encountered during context initialization - cancelling refresh attempt: org.springframework.beans.factory.BeanCreationException: Error creating bean with name 'embeddedServletContainerCustomizerBeanPostProcessor': Initialization of bean failed; nested exception is java.lang.IllegalArgumentException: error at ::0 can't find referenced pointcut webLog
2018-01-04 11:18:23,285 ERROR SpringApplication:827 - Application startup failed
org.springframework.beans.factory.BeanCreationException: Error creating bean with name 'embeddedServletContainerCustomizerBeanPostProcessor': Initialization of bean failed; nested exception is java.lang.IllegalArgumentException: error at ::0 can't find referenced pointcut webLog
	at org.springframework.beans.factory.support.AbstractAutowireCapableBeanFactory.doCreateBean(AbstractAutowireCapableBeanFactory.java:553)
	at org.springframework.beans.factory.support.AbstractAutowireCapableBeanFactory.createBean(AbstractAutowireCapableBeanFactory.java:482)
	at org.springframework.beans.factory.support.AbstractBeanFactory$1.getObject(AbstractBeanFactory.java:306)
	at org.springframework.beans.factory.support.DefaultSingletonBeanRegistry.getSingleton(DefaultSingletonBeanRegistry.java:230)
	at org.springframework.beans.factory.support.AbstractBeanFactory.doGetBean(AbstractBeanFactory.java:302)
	at org.springframework.beans.factory.support.AbstractBeanFactory.getBean(AbstractBeanFactory.java:202)
	at org.springframework.context.support.PostProcessorRegistrationDelegate.registerBeanPostProcessors(PostProcessorRegistrationDelegate.java:240)
	at org.springframework.context.support.AbstractApplicationContext.registerBeanPostProcessors(AbstractApplicationContext.java:687)
	at org.springframework.context.support.AbstractApplicationContext.refresh(AbstractApplicationContext.java:523)
	at org.springframework.boot.context.embedded.EmbeddedWebApplicationContext.refresh(EmbeddedWebApplicationContext.java:118)
	at org.springframework.boot.SpringApplication.refresh(SpringApplication.java:766)
	at org.springframework.boot.SpringApplication.createAndRefreshContext(SpringApplication.java:361)
	at org.springframework.boot.SpringApplication.run(SpringApplication.java:307)
	at org.springframework.boot.SpringApplication.run(SpringApplication.java:1191)
	at org.springframework.boot.SpringApplication.run(SpringApplication.java:1180)
	at application.Application.main(Application.java:13)
Caused by: java.lang.IllegalArgumentException: error at ::0 can't find referenced pointcut webLog
	at org.aspectj.weaver.tools.PointcutParser.parsePointcutExpression(PointcutParser.java:301)
	at org.springframework.aop.aspectj.AspectJExpressionPointcut.buildPointcutExpression(AspectJExpressionPointcut.java:207)
	at org.springframework.aop.aspectj.AspectJExpressionPointcut.checkReadyToMatch(AspectJExpressionPointcut.java:193)
	at org.springframework.aop.aspectj.AspectJExpressionPointcut.getClassFilter(AspectJExpressionPointcut.java:170)
	at org.springframework.aop.support.AopUtils.canApply(AopUtils.java:194)
	at org.springframework.aop.support.AopUtils.canApply(AopUtils.java:248)
	at org.springframework.aop.support.AopUtils.findAdvisorsThatCanApply(AopUtils.java:280)
	at org.springframework.aop.framework.autoproxy.AbstractAdvisorAutoProxyCreator.findAdvisorsThatCanApply(AbstractAdvisorAutoProxyCreator.java:118)
	at org.springframework.aop.framework.autoproxy.AbstractAdvisorAutoProxyCreator.findEligibleAdvisors(AbstractAdvisorAutoProxyCreator.java:88)
	at org.springframework.aop.framework.autoproxy.AbstractAdvisorAutoProxyCreator.getAdvicesAndAdvisorsForBean(AbstractAdvisorAutoProxyCreator.java:69)
	at org.springframework.aop.framework.autoproxy.AbstractAutoProxyCreator.wrapIfNecessary(AbstractAutoProxyCreator.java:346)
	at org.springframework.aop.framework.autoproxy.AbstractAutoProxyCreator.postProcessAfterInitialization(AbstractAutoProxyCreator.java:298)
	at org.springframework.beans.factory.support.AbstractAutowireCapableBeanFactory.applyBeanPostProcessorsAfterInitialization(AbstractAutowireCapableBeanFactory.java:422)
	at org.springframework.beans.factory.support.AbstractAutowireCapableBeanFactory.initializeBean(AbstractAutowireCapableBeanFactory.java:1583)
	at org.springframework.beans.factory.support.AbstractAutowireCapableBeanFactory.doCreateBean(AbstractAutowireCapableBeanFactory.java:545)
	... 15 more
2018-01-04 11:18:23,317  INFO ClasspathLoggingApplicationListener:57 - Application failed to start with classpath: [file:/E:/jdk1.8/jre/lib/charsets.jar, file:/E:/jdk1.8/jre/lib/deploy.jar, file:/E:/jdk1.8/jre/lib/ext/access-bridge-64.jar, file:/E:/jdk1.8/jre/lib/ext/cldrdata.jar, file:/E:/jdk1.8/jre/lib/ext/dnsns.jar, file:/E:/jdk1.8/jre/lib/ext/jaccess.jar, file:/E:/jdk1.8/jre/lib/ext/jfxrt.jar, file:/E:/jdk1.8/jre/lib/ext/localedata.jar, file:/E:/jdk1.8/jre/lib/ext/nashorn.jar, file:/E:/jdk1.8/jre/lib/ext/sunec.jar, file:/E:/jdk1.8/jre/lib/ext/sunjce_provider.jar, file:/E:/jdk1.8/jre/lib/ext/sunmscapi.jar, file:/E:/jdk1.8/jre/lib/ext/sunpkcs11.jar, file:/E:/jdk1.8/jre/lib/ext/zipfs.jar, file:/E:/jdk1.8/jre/lib/javaws.jar, file:/E:/jdk1.8/jre/lib/jce.jar, file:/E:/jdk1.8/jre/lib/jfr.jar, file:/E:/jdk1.8/jre/lib/jfxswt.jar, file:/E:/jdk1.8/jre/lib/jsse.jar, file:/E:/jdk1.8/jre/lib/management-agent.jar, file:/E:/jdk1.8/jre/lib/plugin.jar, file:/E:/jdk1.8/jre/lib/resources.jar, file:/E:/jdk1.8/jre/lib/rt.jar, file:/F:/SpringTest/case4/target/classes/, file:/C:/Users/Administrator.MICROSOFT/.m2/repository/org/springframework/boot/spring-boot-starter/1.3.2.RELEASE/spring-boot-starter-1.3.2.RELEASE.jar, file:/C:/Users/Administrator.MICROSOFT/.m2/repository/org/springframework/boot/spring-boot/1.3.2.RELEASE/spring-boot-1.3.2.RELEASE.jar, file:/C:/Users/Administrator.MICROSOFT/.m2/repository/org/springframework/spring-context/4.2.4.RELEASE/spring-context-4.2.4.RELEASE.jar, file:/C:/Users/Administrator.MICROSOFT/.m2/repository/org/springframework/boot/spring-boot-autoconfigure/1.3.2.RELEASE/spring-boot-autoconfigure-1.3.2.RELEASE.jar, file:/C:/Users/Administrator.MICROSOFT/.m2/repository/org/springframework/spring-core/4.2.4.RELEASE/spring-core-4.2.4.RELEASE.jar, file:/C:/Users/Administrator.MICROSOFT/.m2/repository/org/yaml/snakeyaml/1.16/snakeyaml-1.16.jar, file:/C:/Users/Administrator.MICROSOFT/.m2/repository/org/springframework/boot/spring-boot-starter-log4j/1.3.2.RELEASE/spring-boot-starter-log4j-1.3.2.RELEASE.jar, file:/C:/Users/Administrator.MICROSOFT/.m2/repository/org/slf4j/jcl-over-slf4j/1.7.13/jcl-over-slf4j-1.7.13.jar, file:/C:/Users/Administrator.MICROSOFT/.m2/repository/org/slf4j/slf4j-api/1.7.13/slf4j-api-1.7.13.jar, file:/C:/Users/Administrator.MICROSOFT/.m2/repository/org/slf4j/jul-to-slf4j/1.7.13/jul-to-slf4j-1.7.13.jar, file:/C:/Users/Administrator.MICROSOFT/.m2/repository/org/slf4j/slf4j-log4j12/1.7.13/slf4j-log4j12-1.7.13.jar, file:/C:/Users/Administrator.MICROSOFT/.m2/repository/log4j/log4j/1.2.17/log4j-1.2.17.jar, file:/C:/Users/Administrator.MICROSOFT/.m2/repository/org/springframework/boot/spring-boot-starter-web/1.3.2.RELEASE/spring-boot-starter-web-1.3.2.RELEASE.jar, file:/C:/Users/Administrator.MICROSOFT/.m2/repository/org/springframework/boot/spring-boot-starter-tomcat/1.3.2.RELEASE/spring-boot-starter-tomcat-1.3.2.RELEASE.jar, file:/C:/Users/Administrator.MICROSOFT/.m2/repository/org/apache/tomcat/embed/tomcat-embed-core/8.0.30/tomcat-embed-core-8.0.30.jar, file:/C:/Users/Administrator.MICROSOFT/.m2/repository/org/apache/tomcat/embed/tomcat-embed-el/8.0.30/tomcat-embed-el-8.0.30.jar, file:/C:/Users/Administrator.MICROSOFT/.m2/repository/org/apache/tomcat/embed/tomcat-embed-logging-juli/8.0.30/tomcat-embed-logging-juli-8.0.30.jar, file:/C:/Users/Administrator.MICROSOFT/.m2/repository/org/apache/tomcat/embed/tomcat-embed-websocket/8.0.30/tomcat-embed-websocket-8.0.30.jar, file:/C:/Users/Administrator.MICROSOFT/.m2/repository/org/springframework/boot/spring-boot-starter-validation/1.3.2.RELEASE/spring-boot-starter-validation-1.3.2.RELEASE.jar, file:/C:/Users/Administrator.MICROSOFT/.m2/repository/org/hibernate/hibernate-validator/5.2.2.Final/hibernate-validator-5.2.2.Final.jar, file:/C:/Users/Administrator.MICROSOFT/.m2/repository/javax/validation/validation-api/1.1.0.Final/validation-api-1.1.0.Final.jar, file:/C:/Users/Administrator.MICROSOFT/.m2/repository/org/jboss/logging/jboss-logging/3.3.0.Final/jboss-logging-3.3.0.Final.jar, file:/C:/Users/Administrator.MICROSOFT/.m2/repository/com/fasterxml/classmate/1.1.0/classmate-1.1.0.jar, file:/C:/Users/Administrator.MICROSOFT/.m2/repository/com/fasterxml/jackson/core/jackson-databind/2.6.5/jackson-databind-2.6.5.jar, file:/C:/Users/Administrator.MICROSOFT/.m2/repository/com/fasterxml/jackson/core/jackson-annotations/2.6.5/jackson-annotations-2.6.5.jar, file:/C:/Users/Administrator.MICROSOFT/.m2/repository/com/fasterxml/jackson/core/jackson-core/2.6.5/jackson-core-2.6.5.jar, file:/C:/Users/Administrator.MICROSOFT/.m2/repository/org/springframework/spring-web/4.2.4.RELEASE/spring-web-4.2.4.RELEASE.jar, file:/C:/Users/Administrator.MICROSOFT/.m2/repository/org/springframework/spring-beans/4.2.4.RELEASE/spring-beans-4.2.4.RELEASE.jar, file:/C:/Users/Administrator.MICROSOFT/.m2/repository/org/springframework/spring-webmvc/4.2.4.RELEASE/spring-webmvc-4.2.4.RELEASE.jar, file:/C:/Users/Administrator.MICROSOFT/.m2/repository/org/springframework/spring-expression/4.2.4.RELEASE/spring-expression-4.2.4.RELEASE.jar, file:/C:/Users/Administrator.MICROSOFT/.m2/repository/org/springframework/boot/spring-boot-starter-aop/1.3.2.RELEASE/spring-boot-starter-aop-1.3.2.RELEASE.jar, file:/C:/Users/Administrator.MICROSOFT/.m2/repository/org/springframework/spring-aop/4.2.4.RELEASE/spring-aop-4.2.4.RELEASE.jar, file:/C:/Users/Administrator.MICROSOFT/.m2/repository/aopalliance/aopalliance/1.0/aopalliance-1.0.jar, file:/C:/Users/Administrator.MICROSOFT/.m2/repository/org/aspectj/aspectjweaver/1.8.8/aspectjweaver-1.8.8.jar, file:/C:/Users/Administrator.MICROSOFT/.m2/repository/org/mongodb/mongodb-driver/3.2.2/mongodb-driver-3.2.2.jar, file:/C:/Users/Administrator.MICROSOFT/.m2/repository/org/mongodb/mongodb-driver-core/3.2.2/mongodb-driver-core-3.2.2.jar, file:/C:/Users/Administrator.MICROSOFT/.m2/repository/org/mongodb/bson/3.2.2/bson-3.2.2.jar, file:/F:/idea/IntelliJ%20IDEA%20Community%20Edition%202017.2.2/lib/idea_rt.jar]
2018-01-04 14:33:43,169  INFO Application:48 - Starting Application on MICROSOFT with PID 12728 (F:\SpringTest\case4\target\classes started by Administrator in F:\SpringTest)
2018-01-04 14:33:43,174 DEBUG Application:51 - Running with Spring Boot v1.3.2.RELEASE, Spring v4.2.4.RELEASE
2018-01-04 14:33:43,177  INFO Application:670 - The following profiles are active: test
2018-01-04 14:33:43,266  INFO AnnotationConfigEmbeddedWebApplicationContext:578 - Refreshing org.springframework.boot.context.embedded.AnnotationConfigEmbeddedWebApplicationContext@307f6b8c: startup date [Thu Jan 04 14:33:43 CST 2018]; root of context hierarchy
2018-01-04 14:33:44,023  INFO Version:17 - HV000001: Hibernate Validator 5.2.2.Final
2018-01-04 14:33:45,153  INFO DefaultListableBeanFactory:839 - Overriding bean definition for bean 'beanNameViewResolver' with a different definition: replacing [Root bean: class [null]; scope=; abstract=false; lazyInit=false; autowireMode=3; dependencyCheck=0; autowireCandidate=true; primary=false; factoryBeanName=org.springframework.boot.autoconfigure.web.ErrorMvcAutoConfiguration$WhitelabelErrorViewConfiguration; factoryMethodName=beanNameViewResolver; initMethodName=null; destroyMethodName=(inferred); defined in class path resource [org/springframework/boot/autoconfigure/web/ErrorMvcAutoConfiguration$WhitelabelErrorViewConfiguration.class]] with [Root bean: class [null]; scope=; abstract=false; lazyInit=false; autowireMode=3; dependencyCheck=0; autowireCandidate=true; primary=false; factoryBeanName=org.springframework.boot.autoconfigure.web.WebMvcAutoConfiguration$WebMvcAutoConfigurationAdapter; factoryMethodName=beanNameViewResolver; initMethodName=null; destroyMethodName=(inferred); defined in class path resource [org/springframework/boot/autoconfigure/web/WebMvcAutoConfiguration$WebMvcAutoConfigurationAdapter.class]]
2018-01-04 14:33:46,447  WARN AnnotationConfigEmbeddedWebApplicationContext:546 - Exception encountered during context initialization - cancelling refresh attempt: org.springframework.beans.factory.BeanCreationException: Error creating bean with name 'embeddedServletContainerCustomizerBeanPostProcessor': Initialization of bean failed; nested exception is java.lang.IllegalArgumentException: error at ::0 can't find referenced pointcut webLog
2018-01-04 14:33:46,451 ERROR SpringApplication:827 - Application startup failed
org.springframework.beans.factory.BeanCreationException: Error creating bean with name 'embeddedServletContainerCustomizerBeanPostProcessor': Initialization of bean failed; nested exception is java.lang.IllegalArgumentException: error at ::0 can't find referenced pointcut webLog
	at org.springframework.beans.factory.support.AbstractAutowireCapableBeanFactory.doCreateBean(AbstractAutowireCapableBeanFactory.java:553)
	at org.springframework.beans.factory.support.AbstractAutowireCapableBeanFactory.createBean(AbstractAutowireCapableBeanFactory.java:482)
	at org.springframework.beans.factory.support.AbstractBeanFactory$1.getObject(AbstractBeanFactory.java:306)
	at org.springframework.beans.factory.support.DefaultSingletonBeanRegistry.getSingleton(DefaultSingletonBeanRegistry.java:230)
	at org.springframework.beans.factory.support.AbstractBeanFactory.doGetBean(AbstractBeanFactory.java:302)
	at org.springframework.beans.factory.support.AbstractBeanFactory.getBean(AbstractBeanFactory.java:202)
	at org.springframework.context.support.PostProcessorRegistrationDelegate.registerBeanPostProcessors(PostProcessorRegistrationDelegate.java:240)
	at org.springframework.context.support.AbstractApplicationContext.registerBeanPostProcessors(AbstractApplicationContext.java:687)
	at org.springframework.context.support.AbstractApplicationContext.refresh(AbstractApplicationContext.java:523)
	at org.springframework.boot.context.embedded.EmbeddedWebApplicationContext.refresh(EmbeddedWebApplicationContext.java:118)
	at org.springframework.boot.SpringApplication.refresh(SpringApplication.java:766)
	at org.springframework.boot.SpringApplication.createAndRefreshContext(SpringApplication.java:361)
	at org.springframework.boot.SpringApplication.run(SpringApplication.java:307)
	at org.springframework.boot.SpringApplication.run(SpringApplication.java:1191)
	at org.springframework.boot.SpringApplication.run(SpringApplication.java:1180)
	at application.Application.main(Application.java:13)
Caused by: java.lang.IllegalArgumentException: error at ::0 can't find referenced pointcut webLog
	at org.aspectj.weaver.tools.PointcutParser.parsePointcutExpression(PointcutParser.java:301)
	at org.springframework.aop.aspectj.AspectJExpressionPointcut.buildPointcutExpression(AspectJExpressionPointcut.java:207)
	at org.springframework.aop.aspectj.AspectJExpressionPointcut.checkReadyToMatch(AspectJExpressionPointcut.java:193)
	at org.springframework.aop.aspectj.AspectJExpressionPointcut.getClassFilter(AspectJExpressionPointcut.java:170)
	at org.springframework.aop.support.AopUtils.canApply(AopUtils.java:194)
	at org.springframework.aop.support.AopUtils.canApply(AopUtils.java:248)
	at org.springframework.aop.support.AopUtils.findAdvisorsThatCanApply(AopUtils.java:280)
	at org.springframework.aop.framework.autoproxy.AbstractAdvisorAutoProxyCreator.findAdvisorsThatCanApply(AbstractAdvisorAutoProxyCreator.java:118)
	at org.springframework.aop.framework.autoproxy.AbstractAdvisorAutoProxyCreator.findEligibleAdvisors(AbstractAdvisorAutoProxyCreator.java:88)
	at org.springframework.aop.framework.autoproxy.AbstractAdvisorAutoProxyCreator.getAdvicesAndAdvisorsForBean(AbstractAdvisorAutoProxyCreator.java:69)
	at org.springframework.aop.framework.autoproxy.AbstractAutoProxyCreator.wrapIfNecessary(AbstractAutoProxyCreator.java:346)
	at org.springframework.aop.framework.autoproxy.AbstractAutoProxyCreator.postProcessAfterInitialization(AbstractAutoProxyCreator.java:298)
	at org.springframework.beans.factory.support.AbstractAutowireCapableBeanFactory.applyBeanPostProcessorsAfterInitialization(AbstractAutowireCapableBeanFactory.java:422)
	at org.springframework.beans.factory.support.AbstractAutowireCapableBeanFactory.initializeBean(AbstractAutowireCapableBeanFactory.java:1583)
	at org.springframework.beans.factory.support.AbstractAutowireCapableBeanFactory.doCreateBean(AbstractAutowireCapableBeanFactory.java:545)
	... 15 more
2018-01-04 14:33:46,470  INFO ClasspathLoggingApplicationListener:57 - Application failed to start with classpath: [file:/E:/jdk1.8/jre/lib/charsets.jar, file:/E:/jdk1.8/jre/lib/deploy.jar, file:/E:/jdk1.8/jre/lib/ext/access-bridge-64.jar, file:/E:/jdk1.8/jre/lib/ext/cldrdata.jar, file:/E:/jdk1.8/jre/lib/ext/dnsns.jar, file:/E:/jdk1.8/jre/lib/ext/jaccess.jar, file:/E:/jdk1.8/jre/lib/ext/jfxrt.jar, file:/E:/jdk1.8/jre/lib/ext/localedata.jar, file:/E:/jdk1.8/jre/lib/ext/nashorn.jar, file:/E:/jdk1.8/jre/lib/ext/sunec.jar, file:/E:/jdk1.8/jre/lib/ext/sunjce_provider.jar, file:/E:/jdk1.8/jre/lib/ext/sunmscapi.jar, file:/E:/jdk1.8/jre/lib/ext/sunpkcs11.jar, file:/E:/jdk1.8/jre/lib/ext/zipfs.jar, file:/E:/jdk1.8/jre/lib/javaws.jar, file:/E:/jdk1.8/jre/lib/jce.jar, file:/E:/jdk1.8/jre/lib/jfr.jar, file:/E:/jdk1.8/jre/lib/jfxswt.jar, file:/E:/jdk1.8/jre/lib/jsse.jar, file:/E:/jdk1.8/jre/lib/management-agent.jar, file:/E:/jdk1.8/jre/lib/plugin.jar, file:/E:/jdk1.8/jre/lib/resources.jar, file:/E:/jdk1.8/jre/lib/rt.jar, file:/F:/SpringTest/case4/target/classes/, file:/C:/Users/Administrator.MICROSOFT/.m2/repository/org/springframework/boot/spring-boot-starter/1.3.2.RELEASE/spring-boot-starter-1.3.2.RELEASE.jar, file:/C:/Users/Administrator.MICROSOFT/.m2/repository/org/springframework/boot/spring-boot/1.3.2.RELEASE/spring-boot-1.3.2.RELEASE.jar, file:/C:/Users/Administrator.MICROSOFT/.m2/repository/org/springframework/spring-context/4.2.4.RELEASE/spring-context-4.2.4.RELEASE.jar, file:/C:/Users/Administrator.MICROSOFT/.m2/repository/org/springframework/boot/spring-boot-autoconfigure/1.3.2.RELEASE/spring-boot-autoconfigure-1.3.2.RELEASE.jar, file:/C:/Users/Administrator.MICROSOFT/.m2/repository/org/springframework/spring-core/4.2.4.RELEASE/spring-core-4.2.4.RELEASE.jar, file:/C:/Users/Administrator.MICROSOFT/.m2/repository/org/yaml/snakeyaml/1.16/snakeyaml-1.16.jar, file:/C:/Users/Administrator.MICROSOFT/.m2/repository/org/springframework/boot/spring-boot-starter-log4j/1.3.2.RELEASE/spring-boot-starter-log4j-1.3.2.RELEASE.jar, file:/C:/Users/Administrator.MICROSOFT/.m2/repository/org/slf4j/jcl-over-slf4j/1.7.13/jcl-over-slf4j-1.7.13.jar, file:/C:/Users/Administrator.MICROSOFT/.m2/repository/org/slf4j/slf4j-api/1.7.13/slf4j-api-1.7.13.jar, file:/C:/Users/Administrator.MICROSOFT/.m2/repository/org/slf4j/jul-to-slf4j/1.7.13/jul-to-slf4j-1.7.13.jar, file:/C:/Users/Administrator.MICROSOFT/.m2/repository/org/slf4j/slf4j-log4j12/1.7.13/slf4j-log4j12-1.7.13.jar, file:/C:/Users/Administrator.MICROSOFT/.m2/repository/log4j/log4j/1.2.17/log4j-1.2.17.jar, file:/C:/Users/Administrator.MICROSOFT/.m2/repository/org/springframework/boot/spring-boot-starter-web/1.3.2.RELEASE/spring-boot-starter-web-1.3.2.RELEASE.jar, file:/C:/Users/Administrator.MICROSOFT/.m2/repository/org/springframework/boot/spring-boot-starter-tomcat/1.3.2.RELEASE/spring-boot-starter-tomcat-1.3.2.RELEASE.jar, file:/C:/Users/Administrator.MICROSOFT/.m2/repository/org/apache/tomcat/embed/tomcat-embed-core/8.0.30/tomcat-embed-core-8.0.30.jar, file:/C:/Users/Administrator.MICROSOFT/.m2/repository/org/apache/tomcat/embed/tomcat-embed-el/8.0.30/tomcat-embed-el-8.0.30.jar, file:/C:/Users/Administrator.MICROSOFT/.m2/repository/org/apache/tomcat/embed/tomcat-embed-logging-juli/8.0.30/tomcat-embed-logging-juli-8.0.30.jar, file:/C:/Users/Administrator.MICROSOFT/.m2/repository/org/apache/tomcat/embed/tomcat-embed-websocket/8.0.30/tomcat-embed-websocket-8.0.30.jar, file:/C:/Users/Administrator.MICROSOFT/.m2/repository/org/springframework/boot/spring-boot-starter-validation/1.3.2.RELEASE/spring-boot-starter-validation-1.3.2.RELEASE.jar, file:/C:/Users/Administrator.MICROSOFT/.m2/repository/org/hibernate/hibernate-validator/5.2.2.Final/hibernate-validator-5.2.2.Final.jar, file:/C:/Users/Administrator.MICROSOFT/.m2/repository/javax/validation/validation-api/1.1.0.Final/validation-api-1.1.0.Final.jar, file:/C:/Users/Administrator.MICROSOFT/.m2/repository/org/jboss/logging/jboss-logging/3.3.0.Final/jboss-logging-3.3.0.Final.jar, file:/C:/Users/Administrator.MICROSOFT/.m2/repository/com/fasterxml/classmate/1.1.0/classmate-1.1.0.jar, file:/C:/Users/Administrator.MICROSOFT/.m2/repository/com/fasterxml/jackson/core/jackson-databind/2.6.5/jackson-databind-2.6.5.jar, file:/C:/Users/Administrator.MICROSOFT/.m2/repository/com/fasterxml/jackson/core/jackson-annotations/2.6.5/jackson-annotations-2.6.5.jar, file:/C:/Users/Administrator.MICROSOFT/.m2/repository/com/fasterxml/jackson/core/jackson-core/2.6.5/jackson-core-2.6.5.jar, file:/C:/Users/Administrator.MICROSOFT/.m2/repository/org/springframework/spring-web/4.2.4.RELEASE/spring-web-4.2.4.RELEASE.jar, file:/C:/Users/Administrator.MICROSOFT/.m2/repository/org/springframework/spring-beans/4.2.4.RELEASE/spring-beans-4.2.4.RELEASE.jar, file:/C:/Users/Administrator.MICROSOFT/.m2/repository/org/springframework/spring-webmvc/4.2.4.RELEASE/spring-webmvc-4.2.4.RELEASE.jar, file:/C:/Users/Administrator.MICROSOFT/.m2/repository/org/springframework/spring-expression/4.2.4.RELEASE/spring-expression-4.2.4.RELEASE.jar, file:/C:/Users/Administrator.MICROSOFT/.m2/repository/org/springframework/boot/spring-boot-starter-aop/1.3.2.RELEASE/spring-boot-starter-aop-1.3.2.RELEASE.jar, file:/C:/Users/Administrator.MICROSOFT/.m2/repository/org/springframework/spring-aop/4.2.4.RELEASE/spring-aop-4.2.4.RELEASE.jar, file:/C:/Users/Administrator.MICROSOFT/.m2/repository/aopalliance/aopalliance/1.0/aopalliance-1.0.jar, file:/C:/Users/Administrator.MICROSOFT/.m2/repository/org/aspectj/aspectjweaver/1.8.8/aspectjweaver-1.8.8.jar, file:/C:/Users/Administrator.MICROSOFT/.m2/repository/org/mongodb/mongodb-driver/3.2.2/mongodb-driver-3.2.2.jar, file:/C:/Users/Administrator.MICROSOFT/.m2/repository/org/mongodb/mongodb-driver-core/3.2.2/mongodb-driver-core-3.2.2.jar, file:/C:/Users/Administrator.MICROSOFT/.m2/repository/org/mongodb/bson/3.2.2/bson-3.2.2.jar, file:/F:/idea/IntelliJ%20IDEA%20Community%20Edition%202017.2.2/lib/idea_rt.jar]
2018-01-04 14:34:19,534  INFO Application:48 - Starting Application on MICROSOFT with PID 8324 (F:\SpringTest\case4\target\classes started by Administrator in F:\SpringTest)
2018-01-04 14:34:19,538  INFO Application:670 - The following profiles are active: test
2018-01-04 14:34:19,681  INFO AnnotationConfigEmbeddedWebApplicationContext:578 - Refreshing org.springframework.boot.context.embedded.AnnotationConfigEmbeddedWebApplicationContext@307f6b8c: startup date [Thu Jan 04 14:34:19 CST 2018]; root of context hierarchy
2018-01-04 14:34:20,578  INFO Version:17 - HV000001: Hibernate Validator 5.2.2.Final
2018-01-04 14:34:22,236  INFO DefaultListableBeanFactory:839 - Overriding bean definition for bean 'beanNameViewResolver' with a different definition: replacing [Root bean: class [null]; scope=; abstract=false; lazyInit=false; autowireMode=3; dependencyCheck=0; autowireCandidate=true; primary=false; factoryBeanName=org.springframework.boot.autoconfigure.web.ErrorMvcAutoConfiguration$WhitelabelErrorViewConfiguration; factoryMethodName=beanNameViewResolver; initMethodName=null; destroyMethodName=(inferred); defined in class path resource [org/springframework/boot/autoconfigure/web/ErrorMvcAutoConfiguration$WhitelabelErrorViewConfiguration.class]] with [Root bean: class [null]; scope=; abstract=false; lazyInit=false; autowireMode=3; dependencyCheck=0; autowireCandidate=true; primary=false; factoryBeanName=org.springframework.boot.autoconfigure.web.WebMvcAutoConfiguration$WebMvcAutoConfigurationAdapter; factoryMethodName=beanNameViewResolver; initMethodName=null; destroyMethodName=(inferred); defined in class path resource [org/springframework/boot/autoconfigure/web/WebMvcAutoConfiguration$WebMvcAutoConfigurationAdapter.class]]
2018-01-04 14:34:22,965  WARN AnnotationConfigEmbeddedWebApplicationContext:546 - Exception encountered during context initialization - cancelling refresh attempt: org.springframework.beans.factory.BeanCreationException: Error creating bean with name 'embeddedServletContainerCustomizerBeanPostProcessor': Initialization of bean failed; nested exception is java.lang.IllegalArgumentException: error at ::0 can't find referenced pointcut webLog
2018-01-04 14:34:22,967 ERROR SpringApplication:827 - Application startup failed
org.springframework.beans.factory.BeanCreationException: Error creating bean with name 'embeddedServletContainerCustomizerBeanPostProcessor': Initialization of bean failed; nested exception is java.lang.IllegalArgumentException: error at ::0 can't find referenced pointcut webLog
	at org.springframework.beans.factory.support.AbstractAutowireCapableBeanFactory.doCreateBean(AbstractAutowireCapableBeanFactory.java:553)
	at org.springframework.beans.factory.support.AbstractAutowireCapableBeanFactory.createBean(AbstractAutowireCapableBeanFactory.java:482)
	at org.springframework.beans.factory.support.AbstractBeanFactory$1.getObject(AbstractBeanFactory.java:306)
	at org.springframework.beans.factory.support.DefaultSingletonBeanRegistry.getSingleton(DefaultSingletonBeanRegistry.java:230)
	at org.springframework.beans.factory.support.AbstractBeanFactory.doGetBean(AbstractBeanFactory.java:302)
	at org.springframework.beans.factory.support.AbstractBeanFactory.getBean(AbstractBeanFactory.java:202)
	at org.springframework.context.support.PostProcessorRegistrationDelegate.registerBeanPostProcessors(PostProcessorRegistrationDelegate.java:240)
	at org.springframework.context.support.AbstractApplicationContext.registerBeanPostProcessors(AbstractApplicationContext.java:687)
	at org.springframework.context.support.AbstractApplicationContext.refresh(AbstractApplicationContext.java:523)
	at org.springframework.boot.context.embedded.EmbeddedWebApplicationContext.refresh(EmbeddedWebApplicationContext.java:118)
	at org.springframework.boot.SpringApplication.refresh(SpringApplication.java:766)
	at org.springframework.boot.SpringApplication.createAndRefreshContext(SpringApplication.java:361)
	at org.springframework.boot.SpringApplication.run(SpringApplication.java:307)
	at org.springframework.boot.SpringApplication.run(SpringApplication.java:1191)
	at org.springframework.boot.SpringApplication.run(SpringApplication.java:1180)
	at application.Application.main(Application.java:13)
Caused by: java.lang.IllegalArgumentException: error at ::0 can't find referenced pointcut webLog
	at org.aspectj.weaver.tools.PointcutParser.parsePointcutExpression(PointcutParser.java:301)
	at org.springframework.aop.aspectj.AspectJExpressionPointcut.buildPointcutExpression(AspectJExpressionPointcut.java:207)
	at org.springframework.aop.aspectj.AspectJExpressionPointcut.checkReadyToMatch(AspectJExpressionPointcut.java:193)
	at org.springframework.aop.aspectj.AspectJExpressionPointcut.getClassFilter(AspectJExpressionPointcut.java:170)
	at org.springframework.aop.support.AopUtils.canApply(AopUtils.java:194)
	at org.springframework.aop.support.AopUtils.canApply(AopUtils.java:248)
	at org.springframework.aop.support.AopUtils.findAdvisorsThatCanApply(AopUtils.java:280)
	at org.springframework.aop.framework.autoproxy.AbstractAdvisorAutoProxyCreator.findAdvisorsThatCanApply(AbstractAdvisorAutoProxyCreator.java:118)
	at org.springframework.aop.framework.autoproxy.AbstractAdvisorAutoProxyCreator.findEligibleAdvisors(AbstractAdvisorAutoProxyCreator.java:88)
	at org.springframework.aop.framework.autoproxy.AbstractAdvisorAutoProxyCreator.getAdvicesAndAdvisorsForBean(AbstractAdvisorAutoProxyCreator.java:69)
	at org.springframework.aop.framework.autoproxy.AbstractAutoProxyCreator.wrapIfNecessary(AbstractAutoProxyCreator.java:346)
	at org.springframework.aop.framework.autoproxy.AbstractAutoProxyCreator.postProcessAfterInitialization(AbstractAutoProxyCreator.java:298)
	at org.springframework.beans.factory.support.AbstractAutowireCapableBeanFactory.applyBeanPostProcessorsAfterInitialization(AbstractAutowireCapableBeanFactory.java:422)
	at org.springframework.beans.factory.support.AbstractAutowireCapableBeanFactory.initializeBean(AbstractAutowireCapableBeanFactory.java:1583)
	at org.springframework.beans.factory.support.AbstractAutowireCapableBeanFactory.doCreateBean(AbstractAutowireCapableBeanFactory.java:545)
	... 15 more
2018-01-04 14:34:22,974  INFO ClasspathLoggingApplicationListener:57 - Application failed to start with classpath: [file:/E:/jdk1.8/jre/lib/charsets.jar, file:/E:/jdk1.8/jre/lib/deploy.jar, file:/E:/jdk1.8/jre/lib/ext/access-bridge-64.jar, file:/E:/jdk1.8/jre/lib/ext/cldrdata.jar, file:/E:/jdk1.8/jre/lib/ext/dnsns.jar, file:/E:/jdk1.8/jre/lib/ext/jaccess.jar, file:/E:/jdk1.8/jre/lib/ext/jfxrt.jar, file:/E:/jdk1.8/jre/lib/ext/localedata.jar, file:/E:/jdk1.8/jre/lib/ext/nashorn.jar, file:/E:/jdk1.8/jre/lib/ext/sunec.jar, file:/E:/jdk1.8/jre/lib/ext/sunjce_provider.jar, file:/E:/jdk1.8/jre/lib/ext/sunmscapi.jar, file:/E:/jdk1.8/jre/lib/ext/sunpkcs11.jar, file:/E:/jdk1.8/jre/lib/ext/zipfs.jar, file:/E:/jdk1.8/jre/lib/javaws.jar, file:/E:/jdk1.8/jre/lib/jce.jar, file:/E:/jdk1.8/jre/lib/jfr.jar, file:/E:/jdk1.8/jre/lib/jfxswt.jar, file:/E:/jdk1.8/jre/lib/jsse.jar, file:/E:/jdk1.8/jre/lib/management-agent.jar, file:/E:/jdk1.8/jre/lib/plugin.jar, file:/E:/jdk1.8/jre/lib/resources.jar, file:/E:/jdk1.8/jre/lib/rt.jar, file:/F:/SpringTest/case4/target/classes/, file:/C:/Users/Administrator.MICROSOFT/.m2/repository/org/springframework/boot/spring-boot-starter/1.3.2.RELEASE/spring-boot-starter-1.3.2.RELEASE.jar, file:/C:/Users/Administrator.MICROSOFT/.m2/repository/org/springframework/boot/spring-boot/1.3.2.RELEASE/spring-boot-1.3.2.RELEASE.jar, file:/C:/Users/Administrator.MICROSOFT/.m2/repository/org/springframework/spring-context/4.2.4.RELEASE/spring-context-4.2.4.RELEASE.jar, file:/C:/Users/Administrator.MICROSOFT/.m2/repository/org/springframework/boot/spring-boot-autoconfigure/1.3.2.RELEASE/spring-boot-autoconfigure-1.3.2.RELEASE.jar, file:/C:/Users/Administrator.MICROSOFT/.m2/repository/org/springframework/spring-core/4.2.4.RELEASE/spring-core-4.2.4.RELEASE.jar, file:/C:/Users/Administrator.MICROSOFT/.m2/repository/org/yaml/snakeyaml/1.16/snakeyaml-1.16.jar, file:/C:/Users/Administrator.MICROSOFT/.m2/repository/org/springframework/boot/spring-boot-starter-log4j/1.3.2.RELEASE/spring-boot-starter-log4j-1.3.2.RELEASE.jar, file:/C:/Users/Administrator.MICROSOFT/.m2/repository/org/slf4j/jcl-over-slf4j/1.7.13/jcl-over-slf4j-1.7.13.jar, file:/C:/Users/Administrator.MICROSOFT/.m2/repository/org/slf4j/slf4j-api/1.7.13/slf4j-api-1.7.13.jar, file:/C:/Users/Administrator.MICROSOFT/.m2/repository/org/slf4j/jul-to-slf4j/1.7.13/jul-to-slf4j-1.7.13.jar, file:/C:/Users/Administrator.MICROSOFT/.m2/repository/org/slf4j/slf4j-log4j12/1.7.13/slf4j-log4j12-1.7.13.jar, file:/C:/Users/Administrator.MICROSOFT/.m2/repository/log4j/log4j/1.2.17/log4j-1.2.17.jar, file:/C:/Users/Administrator.MICROSOFT/.m2/repository/org/springframework/boot/spring-boot-starter-web/1.3.2.RELEASE/spring-boot-starter-web-1.3.2.RELEASE.jar, file:/C:/Users/Administrator.MICROSOFT/.m2/repository/org/springframework/boot/spring-boot-starter-tomcat/1.3.2.RELEASE/spring-boot-starter-tomcat-1.3.2.RELEASE.jar, file:/C:/Users/Administrator.MICROSOFT/.m2/repository/org/apache/tomcat/embed/tomcat-embed-core/8.0.30/tomcat-embed-core-8.0.30.jar, file:/C:/Users/Administrator.MICROSOFT/.m2/repository/org/apache/tomcat/embed/tomcat-embed-el/8.0.30/tomcat-embed-el-8.0.30.jar, file:/C:/Users/Administrator.MICROSOFT/.m2/repository/org/apache/tomcat/embed/tomcat-embed-logging-juli/8.0.30/tomcat-embed-logging-juli-8.0.30.jar, file:/C:/Users/Administrator.MICROSOFT/.m2/repository/org/apache/tomcat/embed/tomcat-embed-websocket/8.0.30/tomcat-embed-websocket-8.0.30.jar, file:/C:/Users/Administrator.MICROSOFT/.m2/repository/org/springframework/boot/spring-boot-starter-validation/1.3.2.RELEASE/spring-boot-starter-validation-1.3.2.RELEASE.jar, file:/C:/Users/Administrator.MICROSOFT/.m2/repository/org/hibernate/hibernate-validator/5.2.2.Final/hibernate-validator-5.2.2.Final.jar, file:/C:/Users/Administrator.MICROSOFT/.m2/repository/javax/validation/validation-api/1.1.0.Final/validation-api-1.1.0.Final.jar, file:/C:/Users/Administrator.MICROSOFT/.m2/repository/org/jboss/logging/jboss-logging/3.3.0.Final/jboss-logging-3.3.0.Final.jar, file:/C:/Users/Administrator.MICROSOFT/.m2/repository/com/fasterxml/classmate/1.1.0/classmate-1.1.0.jar, file:/C:/Users/Administrator.MICROSOFT/.m2/repository/com/fasterxml/jackson/core/jackson-databind/2.6.5/jackson-databind-2.6.5.jar, file:/C:/Users/Administrator.MICROSOFT/.m2/repository/com/fasterxml/jackson/core/jackson-annotations/2.6.5/jackson-annotations-2.6.5.jar, file:/C:/Users/Administrator.MICROSOFT/.m2/repository/com/fasterxml/jackson/core/jackson-core/2.6.5/jackson-core-2.6.5.jar, file:/C:/Users/Administrator.MICROSOFT/.m2/repository/org/springframework/spring-web/4.2.4.RELEASE/spring-web-4.2.4.RELEASE.jar, file:/C:/Users/Administrator.MICROSOFT/.m2/repository/org/springframework/spring-beans/4.2.4.RELEASE/spring-beans-4.2.4.RELEASE.jar, file:/C:/Users/Administrator.MICROSOFT/.m2/repository/org/springframework/spring-webmvc/4.2.4.RELEASE/spring-webmvc-4.2.4.RELEASE.jar, file:/C:/Users/Administrator.MICROSOFT/.m2/repository/org/springframework/spring-expression/4.2.4.RELEASE/spring-expression-4.2.4.RELEASE.jar, file:/C:/Users/Administrator.MICROSOFT/.m2/repository/org/springframework/boot/spring-boot-starter-aop/1.3.2.RELEASE/spring-boot-starter-aop-1.3.2.RELEASE.jar, file:/C:/Users/Administrator.MICROSOFT/.m2/repository/org/springframework/spring-aop/4.2.4.RELEASE/spring-aop-4.2.4.RELEASE.jar, file:/C:/Users/Administrator.MICROSOFT/.m2/repository/aopalliance/aopalliance/1.0/aopalliance-1.0.jar, file:/C:/Users/Administrator.MICROSOFT/.m2/repository/org/aspectj/aspectjweaver/1.8.8/aspectjweaver-1.8.8.jar, file:/C:/Users/Administrator.MICROSOFT/.m2/repository/org/mongodb/mongodb-driver/3.2.2/mongodb-driver-3.2.2.jar, file:/C:/Users/Administrator.MICROSOFT/.m2/repository/org/mongodb/mongodb-driver-core/3.2.2/mongodb-driver-core-3.2.2.jar, file:/C:/Users/Administrator.MICROSOFT/.m2/repository/org/mongodb/bson/3.2.2/bson-3.2.2.jar, file:/F:/idea/IntelliJ%20IDEA%20Community%20Edition%202017.2.2/lib/idea_rt.jar]
2018-01-04 14:35:56,813  INFO Application:48 - Starting Application on MICROSOFT with PID 11812 (F:\SpringTest\case4\target\classes started by Administrator in F:\SpringTest)
2018-01-04 14:35:56,817 DEBUG Application:51 - Running with Spring Boot v1.3.2.RELEASE, Spring v4.2.4.RELEASE
2018-01-04 14:35:56,818  INFO Application:670 - The following profiles are active: test
2018-01-04 14:35:56,891  INFO AnnotationConfigEmbeddedWebApplicationContext:578 - Refreshing org.springframework.boot.context.embedded.AnnotationConfigEmbeddedWebApplicationContext@2173f6d9: startup date [Thu Jan 04 14:35:56 CST 2018]; root of context hierarchy
2018-01-04 14:35:57,727  INFO Version:17 - HV000001: Hibernate Validator 5.2.2.Final
2018-01-04 14:35:58,219  INFO DefaultListableBeanFactory:839 - Overriding bean definition for bean 'beanNameViewResolver' with a different definition: replacing [Root bean: class [null]; scope=; abstract=false; lazyInit=false; autowireMode=3; dependencyCheck=0; autowireCandidate=true; primary=false; factoryBeanName=org.springframework.boot.autoconfigure.web.ErrorMvcAutoConfiguration$WhitelabelErrorViewConfiguration; factoryMethodName=beanNameViewResolver; initMethodName=null; destroyMethodName=(inferred); defined in class path resource [org/springframework/boot/autoconfigure/web/ErrorMvcAutoConfiguration$WhitelabelErrorViewConfiguration.class]] with [Root bean: class [null]; scope=; abstract=false; lazyInit=false; autowireMode=3; dependencyCheck=0; autowireCandidate=true; primary=false; factoryBeanName=org.springframework.boot.autoconfigure.web.WebMvcAutoConfiguration$WebMvcAutoConfigurationAdapter; factoryMethodName=beanNameViewResolver; initMethodName=null; destroyMethodName=(inferred); defined in class path resource [org/springframework/boot/autoconfigure/web/WebMvcAutoConfiguration$WebMvcAutoConfigurationAdapter.class]]
2018-01-04 14:36:00,082  WARN AnnotationConfigEmbeddedWebApplicationContext:546 - Exception encountered during context initialization - cancelling refresh attempt: org.springframework.beans.factory.BeanCreationException: Error creating bean with name 'embeddedServletContainerCustomizerBeanPostProcessor': Initialization of bean failed; nested exception is java.lang.IllegalArgumentException: error at ::0 can't find referenced pointcut webLog
2018-01-04 14:36:00,084 ERROR SpringApplication:827 - Application startup failed
org.springframework.beans.factory.BeanCreationException: Error creating bean with name 'embeddedServletContainerCustomizerBeanPostProcessor': Initialization of bean failed; nested exception is java.lang.IllegalArgumentException: error at ::0 can't find referenced pointcut webLog
	at org.springframework.beans.factory.support.AbstractAutowireCapableBeanFactory.doCreateBean(AbstractAutowireCapableBeanFactory.java:553)
	at org.springframework.beans.factory.support.AbstractAutowireCapableBeanFactory.createBean(AbstractAutowireCapableBeanFactory.java:482)
	at org.springframework.beans.factory.support.AbstractBeanFactory$1.getObject(AbstractBeanFactory.java:306)
	at org.springframework.beans.factory.support.DefaultSingletonBeanRegistry.getSingleton(DefaultSingletonBeanRegistry.java:230)
	at org.springframework.beans.factory.support.AbstractBeanFactory.doGetBean(AbstractBeanFactory.java:302)
	at org.springframework.beans.factory.support.AbstractBeanFactory.getBean(AbstractBeanFactory.java:202)
	at org.springframework.context.support.PostProcessorRegistrationDelegate.registerBeanPostProcessors(PostProcessorRegistrationDelegate.java:240)
	at org.springframework.context.support.AbstractApplicationContext.registerBeanPostProcessors(AbstractApplicationContext.java:687)
	at org.springframework.context.support.AbstractApplicationContext.refresh(AbstractApplicationContext.java:523)
	at org.springframework.boot.context.embedded.EmbeddedWebApplicationContext.refresh(EmbeddedWebApplicationContext.java:118)
	at org.springframework.boot.SpringApplication.refresh(SpringApplication.java:766)
	at org.springframework.boot.SpringApplication.createAndRefreshContext(SpringApplication.java:361)
	at org.springframework.boot.SpringApplication.run(SpringApplication.java:307)
	at org.springframework.boot.SpringApplication.run(SpringApplication.java:1191)
	at org.springframework.boot.SpringApplication.run(SpringApplication.java:1180)
	at application.Application.main(Application.java:13)
Caused by: java.lang.IllegalArgumentException: error at ::0 can't find referenced pointcut webLog
	at org.aspectj.weaver.tools.PointcutParser.parsePointcutExpression(PointcutParser.java:301)
	at org.springframework.aop.aspectj.AspectJExpressionPointcut.buildPointcutExpression(AspectJExpressionPointcut.java:207)
	at org.springframework.aop.aspectj.AspectJExpressionPointcut.checkReadyToMatch(AspectJExpressionPointcut.java:193)
	at org.springframework.aop.aspectj.AspectJExpressionPointcut.getClassFilter(AspectJExpressionPointcut.java:170)
	at org.springframework.aop.support.AopUtils.canApply(AopUtils.java:194)
	at org.springframework.aop.support.AopUtils.canApply(AopUtils.java:248)
	at org.springframework.aop.support.AopUtils.findAdvisorsThatCanApply(AopUtils.java:280)
	at org.springframework.aop.framework.autoproxy.AbstractAdvisorAutoProxyCreator.findAdvisorsThatCanApply(AbstractAdvisorAutoProxyCreator.java:118)
	at org.springframework.aop.framework.autoproxy.AbstractAdvisorAutoProxyCreator.findEligibleAdvisors(AbstractAdvisorAutoProxyCreator.java:88)
	at org.springframework.aop.framework.autoproxy.AbstractAdvisorAutoProxyCreator.getAdvicesAndAdvisorsForBean(AbstractAdvisorAutoProxyCreator.java:69)
	at org.springframework.aop.framework.autoproxy.AbstractAutoProxyCreator.wrapIfNecessary(AbstractAutoProxyCreator.java:346)
	at org.springframework.aop.framework.autoproxy.AbstractAutoProxyCreator.postProcessAfterInitialization(AbstractAutoProxyCreator.java:298)
	at org.springframework.beans.factory.support.AbstractAutowireCapableBeanFactory.applyBeanPostProcessorsAfterInitialization(AbstractAutowireCapableBeanFactory.java:422)
	at org.springframework.beans.factory.support.AbstractAutowireCapableBeanFactory.initializeBean(AbstractAutowireCapableBeanFactory.java:1583)
	at org.springframework.beans.factory.support.AbstractAutowireCapableBeanFactory.doCreateBean(AbstractAutowireCapableBeanFactory.java:545)
	... 15 more
2018-01-04 14:36:00,092  INFO ClasspathLoggingApplicationListener:57 - Application failed to start with classpath: [file:/E:/jdk1.8/jre/lib/charsets.jar, file:/E:/jdk1.8/jre/lib/deploy.jar, file:/E:/jdk1.8/jre/lib/ext/access-bridge-64.jar, file:/E:/jdk1.8/jre/lib/ext/cldrdata.jar, file:/E:/jdk1.8/jre/lib/ext/dnsns.jar, file:/E:/jdk1.8/jre/lib/ext/jaccess.jar, file:/E:/jdk1.8/jre/lib/ext/jfxrt.jar, file:/E:/jdk1.8/jre/lib/ext/localedata.jar, file:/E:/jdk1.8/jre/lib/ext/nashorn.jar, file:/E:/jdk1.8/jre/lib/ext/sunec.jar, file:/E:/jdk1.8/jre/lib/ext/sunjce_provider.jar, file:/E:/jdk1.8/jre/lib/ext/sunmscapi.jar, file:/E:/jdk1.8/jre/lib/ext/sunpkcs11.jar, file:/E:/jdk1.8/jre/lib/ext/zipfs.jar, file:/E:/jdk1.8/jre/lib/javaws.jar, file:/E:/jdk1.8/jre/lib/jce.jar, file:/E:/jdk1.8/jre/lib/jfr.jar, file:/E:/jdk1.8/jre/lib/jfxswt.jar, file:/E:/jdk1.8/jre/lib/jsse.jar, file:/E:/jdk1.8/jre/lib/management-agent.jar, file:/E:/jdk1.8/jre/lib/plugin.jar, file:/E:/jdk1.8/jre/lib/resources.jar, file:/E:/jdk1.8/jre/lib/rt.jar, file:/F:/SpringTest/case4/target/classes/, file:/C:/Users/Administrator.MICROSOFT/.m2/repository/org/springframework/boot/spring-boot-starter/1.3.2.RELEASE/spring-boot-starter-1.3.2.RELEASE.jar, file:/C:/Users/Administrator.MICROSOFT/.m2/repository/org/springframework/boot/spring-boot/1.3.2.RELEASE/spring-boot-1.3.2.RELEASE.jar, file:/C:/Users/Administrator.MICROSOFT/.m2/repository/org/springframework/spring-context/4.2.4.RELEASE/spring-context-4.2.4.RELEASE.jar, file:/C:/Users/Administrator.MICROSOFT/.m2/repository/org/springframework/boot/spring-boot-autoconfigure/1.3.2.RELEASE/spring-boot-autoconfigure-1.3.2.RELEASE.jar, file:/C:/Users/Administrator.MICROSOFT/.m2/repository/org/springframework/spring-core/4.2.4.RELEASE/spring-core-4.2.4.RELEASE.jar, file:/C:/Users/Administrator.MICROSOFT/.m2/repository/org/yaml/snakeyaml/1.16/snakeyaml-1.16.jar, file:/C:/Users/Administrator.MICROSOFT/.m2/repository/org/springframework/boot/spring-boot-starter-log4j/1.3.2.RELEASE/spring-boot-starter-log4j-1.3.2.RELEASE.jar, file:/C:/Users/Administrator.MICROSOFT/.m2/repository/org/slf4j/jcl-over-slf4j/1.7.13/jcl-over-slf4j-1.7.13.jar, file:/C:/Users/Administrator.MICROSOFT/.m2/repository/org/slf4j/slf4j-api/1.7.13/slf4j-api-1.7.13.jar, file:/C:/Users/Administrator.MICROSOFT/.m2/repository/org/slf4j/jul-to-slf4j/1.7.13/jul-to-slf4j-1.7.13.jar, file:/C:/Users/Administrator.MICROSOFT/.m2/repository/org/slf4j/slf4j-log4j12/1.7.13/slf4j-log4j12-1.7.13.jar, file:/C:/Users/Administrator.MICROSOFT/.m2/repository/log4j/log4j/1.2.17/log4j-1.2.17.jar, file:/C:/Users/Administrator.MICROSOFT/.m2/repository/org/springframework/boot/spring-boot-starter-web/1.3.2.RELEASE/spring-boot-starter-web-1.3.2.RELEASE.jar, file:/C:/Users/Administrator.MICROSOFT/.m2/repository/org/springframework/boot/spring-boot-starter-tomcat/1.3.2.RELEASE/spring-boot-starter-tomcat-1.3.2.RELEASE.jar, file:/C:/Users/Administrator.MICROSOFT/.m2/repository/org/apache/tomcat/embed/tomcat-embed-core/8.0.30/tomcat-embed-core-8.0.30.jar, file:/C:/Users/Administrator.MICROSOFT/.m2/repository/org/apache/tomcat/embed/tomcat-embed-el/8.0.30/tomcat-embed-el-8.0.30.jar, file:/C:/Users/Administrator.MICROSOFT/.m2/repository/org/apache/tomcat/embed/tomcat-embed-logging-juli/8.0.30/tomcat-embed-logging-juli-8.0.30.jar, file:/C:/Users/Administrator.MICROSOFT/.m2/repository/org/apache/tomcat/embed/tomcat-embed-websocket/8.0.30/tomcat-embed-websocket-8.0.30.jar, file:/C:/Users/Administrator.MICROSOFT/.m2/repository/org/springframework/boot/spring-boot-starter-validation/1.3.2.RELEASE/spring-boot-starter-validation-1.3.2.RELEASE.jar, file:/C:/Users/Administrator.MICROSOFT/.m2/repository/org/hibernate/hibernate-validator/5.2.2.Final/hibernate-validator-5.2.2.Final.jar, file:/C:/Users/Administrator.MICROSOFT/.m2/repository/javax/validation/validation-api/1.1.0.Final/validation-api-1.1.0.Final.jar, file:/C:/Users/Administrator.MICROSOFT/.m2/repository/org/jboss/logging/jboss-logging/3.3.0.Final/jboss-logging-3.3.0.Final.jar, file:/C:/Users/Administrator.MICROSOFT/.m2/repository/com/fasterxml/classmate/1.1.0/classmate-1.1.0.jar, file:/C:/Users/Administrator.MICROSOFT/.m2/repository/com/fasterxml/jackson/core/jackson-databind/2.6.5/jackson-databind-2.6.5.jar, file:/C:/Users/Administrator.MICROSOFT/.m2/repository/com/fasterxml/jackson/core/jackson-annotations/2.6.5/jackson-annotations-2.6.5.jar, file:/C:/Users/Administrator.MICROSOFT/.m2/repository/com/fasterxml/jackson/core/jackson-core/2.6.5/jackson-core-2.6.5.jar, file:/C:/Users/Administrator.MICROSOFT/.m2/repository/org/springframework/spring-web/4.2.4.RELEASE/spring-web-4.2.4.RELEASE.jar, file:/C:/Users/Administrator.MICROSOFT/.m2/repository/org/springframework/spring-beans/4.2.4.RELEASE/spring-beans-4.2.4.RELEASE.jar, file:/C:/Users/Administrator.MICROSOFT/.m2/repository/org/springframework/spring-webmvc/4.2.4.RELEASE/spring-webmvc-4.2.4.RELEASE.jar, file:/C:/Users/Administrator.MICROSOFT/.m2/repository/org/springframework/spring-expression/4.2.4.RELEASE/spring-expression-4.2.4.RELEASE.jar, file:/C:/Users/Administrator.MICROSOFT/.m2/repository/org/springframework/boot/spring-boot-starter-aop/1.3.2.RELEASE/spring-boot-starter-aop-1.3.2.RELEASE.jar, file:/C:/Users/Administrator.MICROSOFT/.m2/repository/org/springframework/spring-aop/4.2.4.RELEASE/spring-aop-4.2.4.RELEASE.jar, file:/C:/Users/Administrator.MICROSOFT/.m2/repository/aopalliance/aopalliance/1.0/aopalliance-1.0.jar, file:/C:/Users/Administrator.MICROSOFT/.m2/repository/org/aspectj/aspectjweaver/1.8.8/aspectjweaver-1.8.8.jar, file:/C:/Users/Administrator.MICROSOFT/.m2/repository/org/mongodb/mongodb-driver/3.2.2/mongodb-driver-3.2.2.jar, file:/C:/Users/Administrator.MICROSOFT/.m2/repository/org/mongodb/mongodb-driver-core/3.2.2/mongodb-driver-core-3.2.2.jar, file:/C:/Users/Administrator.MICROSOFT/.m2/repository/org/mongodb/bson/3.2.2/bson-3.2.2.jar, file:/F:/idea/IntelliJ%20IDEA%20Community%20Edition%202017.2.2/lib/idea_rt.jar]
